<?xml version="1.0" encoding="UTF-8"?>
<testng-results ignored="0" total="1" passed="1" failed="0" skipped="0">
  <reporter-output>
  </reporter-output>
  <suite started-at="2020-06-27T11:50:09 IST" name="Default suite" finished-at="2020-06-27T11:50:10 IST" duration-ms="1426">
    <groups>
    </groups>
    <test started-at="2020-06-27T11:50:09 IST" name="Default test" finished-at="2020-06-27T11:50:10 IST" duration-ms="1426">
      <class name="testNG3.excelRead">
        <test-method signature="read()[pri:0, instance:testNG3.excelRead@ec756bd]" started-at="2020-06-27T11:50:09 IST" name="read" finished-at="2020-06-27T11:50:10 IST" duration-ms="1367" status="PASS">
          <reporter-output>
          </reporter-output>
        </test-method> <!-- read -->
      </class> <!-- testNG3.excelRead -->
    </test> <!-- Default test -->
  </suite> <!-- Default suite -->
</testng-results>
