<?xml version="1.0" encoding="UTF-8"?>
<!-- Generated by org.testng.reporters.JUnitXMLReporter -->
<testsuite ignored="0" hostname="LAPTOP-VTJS6APB" failures="0" tests="8" name="Basic tests" time="0.122" errors="0" timestamp="2020-05-20T08:49:16 IST">
  <testcase classname="testNG2.LoginTest" name="loginviaEmail" time="0.014"/>
  <testcase classname="testNG2.LoginTest" name="loginviaFacebook" time="0.003"/>
  <testcase classname="testNG2.LoginTest" name="loginviaTwitter" time="0.003"/>
  <testcase classname="testNG2.SingUpTest" name="singupviaEmail" time="0.001"/>
  <testcase classname="testNG2.SingUpTest" name="singupviaFacebook" time="0.002"/>
  <testcase classname="testNG2.SingUpTest" name="singupviaTwitter" time="0.002"/>
  <testcase classname="testNG1.TestNGDemo1" name="test1" time="0.004"/>
  <testcase classname="testNG1.TestNGDemo1" name="test2" time="0.004"/>
</testsuite> <!-- Basic tests -->
